[{283K9 965 7} {2Q4J7 432 7} {264AQ 628 7} {2739J 883 7} {2AJK9 79 7} {2JT43 654 7} {2TK73 678 7} {2435A 77 7} {2Q96J 491 7} {2J64A 555 7} {258KT 512 7} {2836J 662 7} {2794Q 14 7} {3K597 267 7} {3K8A6 428 7} {362QJ 640 7} {3KT24 209 7} {3K45A 348 7} {3978J 438 7} {3985A 244 7} {3A46J 335 7} {39K6J 468 7} {3T8Q2 588 7} {438J5 217 7} {4J9K2 469 7} {4T5JA 165 7} {48T53 179 7} {432AJ 429 7} {4JT59 90 7} {48A72 722 7} {4T562 190 7} {4Q89J 682 7} {4JAT8 655 7} {4T278 318 7} {4A359 394 7} {4K8A6 507 7} {42Q8K 802 7} {4A85T 892 7} {47JT6 545 7} {562J9 280 7} {54T92 946 7} {523Q4 99 7} {59J64 895 7} {57A24 185 7} {58KA9 62 7} {546A3 137 7} {5T4Q9 10 7} {5K4Q3 530 7} {54T9A 42 7} {56QT3 553 7} {56J4T 510 7} {5QT38 225 7} {6K972 741 7} {6K4T9 583 7} {6QA2J 18 7} {6Q5J3 390 7} {6KQ23 399 7} {6JQ45 924 7} {634KA 96 7} {6TQJ4 785 7} {657A4 663 7} {6348T 264 7} {6TQ75 222 7} {68ATK 257 7} {6KTQ3 437 7} {69A4K 114 7} {69Q28 177 7} {659JK 144 7} {6Q782 535 7} {64T87 758 7} {6385K 403 7} {6TK87 194 7} {6Q874 82 7} {684Q2 275 7} {6QT48 452 7} {6T75J 927 7} {639J2 126 7} {7Q832 807 7} {7K469 1000 7} {7QKA2 754 7} {79Q25 658 7} {75A36 12 7} {72T46 717 7} {76T25 161 7} {7Q568 899 7} {7T95A 955 7} {78K63 801 7} {73825 726 7} {765T9 31 7} {79K43 353 7} {72T39 256 7} {7QA8T 565 7} {7A523 809 7} {8J957 562 7} {8K56A 619 7} {8T64A 236 7} {8KAQ9 825 7} {856Q2 191 7} {87TQJ 241 7} {865A2 26 7} {8A543 223 7} {87A2K 384 7} {8327K 377 7} {893A4 937 7} {894QT 472 7} {8J62A 113 7} {864J9 370 7} {9AK36 996 7} {975T2 493 7} {96QAK 405 7} {974TK 643 7} {94732 986 7} {9J2TQ 830 7} {9746J 661 7} {934KQ 141 7} {9T23K 788 7} {953TQ 708 7} {9KJ75 957 7} {9867T 299 7} {9K526 311 7} {97A34 699 7} {97264 974 7} {T2463 752 7} {TA856 835 7} {TK3J6 20 7} {TJ92A 343 7} {T8759 38 7} {TA536 483 7} {TQ59J 705 7} {TA72K 71 7} {TK8JA 109 7} {TA457 813 7} {T3JA9 104 7} {T6792 685 7} {T5263 43 7} {TJ986 692 7} {T4J28 819 7} {TA632 327 7} {TA5J9 952 7} {TJ53A 757 7} {J7AQ5 176 7} {J26K3 889 7} {J87Q3 56 7} {J3289 338 7} {JK46T 118 7} {JQ642 601 7} {JQA3K 277 7} {J6KA5 980 7} {JK794 72 7} {JA428 66 7} {Q8T72 58 7} {Q67AK 298 7} {QA472 679 7} {Q2AT4 308 7} {Q5J2A 11 7} {Q6A27 968 7} {QK67J 245 7} {QAT72 629 7} {QAT29 213 7} {Q7AJ3 120 7} {Q6573 29 7} {Q54A7 675 7} {QJK65 796 7} {QK9AT 293 7} {Q8K63 411 7} {Q4298 774 7} {Q8T42 884 7} {QJ725 961 7} {K6324 363 7} {K29Q3 870 7} {KA6QJ 290 7} {K4A65 108 7} {K729T 777 7} {KA938 621 7} {K4A28 596 7} {KJ973 357 7} {KJ746 231 7} {KQ562 806 7} {K569T 47 7} {KA923 681 7} {KJ945 312 7} {AJKQ5 380 7} {A4582 571 7} {A38Q2 753 7} {A87JK 297 7} {A4J86 537 7} {AK9J8 840 7} {AK48T 250 7} {A73T4 69 7} {AT953 750 7} {AT673 570 7} {AJK83 153 7} {A75QK 971 7} {AQ8TJ 246 7} {AK427 152 7} {AQ2K6 240 7} {AK53Q 683 7} {2T373 334 6} {2Q9QT 247 6} {255K4 316 6} {2623K 135 6} {2J827 834 6} {24J25 828 6} {2952T 300 6} {284K4 620 6} {2QT26 444 6} {2T44J 346 6} {2K8AK 87 6} {3Q767 913 6} {3887K 219 6} {38J53 314 6} {3632A 22 6} {3T9AA 307 6} {3TT4J 349 6} {3449J 585 6} {355TK 827 6} {34683 701 6} {3632J 651 6} {3J656 382 6} {3A44J 128 6} {32J37 132 6} {3K5AA 465 6} {39J37 549 6} {3QTJ3 638 6} {42Q5Q 212 6} {4Q66J 818 6} {477JT 574 6} {4254K 398 6} {462K2 706 6} {4K77Q 365 6} {486AA 252 6} {48J43 73 6} {48776 130 6} {4K426 511 6} {49K88 76 6} {455J8 602 6} {4QJQT 107 6} {4A6AT 936 6} {44AQ5 7 6} {4Q8QK 610 6} {45992 723 6} {5377A 117 6} {5KK94 709 6} {55J27 637 6} {5857Q 857 6} {5AK6A 691 6} {5765K 167 6} {5625A 608 6} {5K266 279 6} {5AT6T 942 6} {5KK47 926 6} {59772 646 6} {5QK58 467 6} {5282J 684 6} {55K9T 657 6} {54342 25 6} {5J2JQ 319 6} {59496 360 6} {6TT2J 847 6} {6QT4T 541 6} {665T8 259 6} {636K5 976 6} {6Q6J3 698 6} {6JA99 408 6} {698K6 207 6} {622JT 24 6} {69AJ6 261 6} {63T6Q 339 6} {6J434 206 6} {667Q9 989 6} {644QJ 669 6} {6346T 368 6} {688QA 816 6} {6K525 364 6} {6AQQ5 430 6} {68Q84 64 6} {6477A 81 6} {6236T 667 6} {687QQ 462 6} {6A855 982 6} {6J554 121 6} {6JQ9J 697 6} {66823 649 6} {6J757 383 6} {7J969 730 6} {786J7 894 6} {7374T 458 6} {76K8K 940 6} {7379J 903 6} {7454J 800 6} {7927A 255 6} {797QT 379 6} {773J5 74 6} {75A88 987 6} {7Q233 373 6} {7252T 721 6} {73299 999 6} {73KT7 793 6} {7JK9J 614 6} {8T3J8 352 6} {8Q685 739 6} {855J3 138 6} {833QA 392 6} {8K58A 710 6} {8QJ8A 470 6} {8KTTJ 505 6} {85A59 197 6} {8T9JT 582 6} {8T8Q4 239 6} {8K89J 166 6} {886A9 969 6} {8J638 557 6} {8K99T 321 6} {8A9JA 823 6} {8428J 466 6} {88AKQ 812 6} {85J75 367 6} {86KKA 95 6} {84A78 703 6} {86672 866 6} {98J29 486 6} {95275 9 6} {9Q8T9 548 6} {9986J 178 6} {9Q77J 815 6} {9J488 954 6} {967J7 160 6} {9A8AT 950 6} {92832 490 6} {9J978 67 6} {9T947 269 6} {9J4KK 198 6} {92A9J 391 6} {9K5JK 576 6} {9J656 695 6} {979K5 253 6} {997KQ 292 6} {9J93T 524 6} {992JK 260 6} {92KK4 958 6} {TJ6T7 516 6} {T2JT4 174 6} {TQQ57 172 6} {T2T8J 838 6} {T5886 268 6} {T3TJK 919 6} {TT547 538 6} {T3TQ6 573 6} {T7673 938 6} {TK3K2 881 6} {T8QJ8 454 6} {T8TK5 743 6} {TT537 991 6} {T73T2 848 6} {TJ4T7 776 6} {T7QJ7 498 6} {JK3T3 595 6} {JJTA2 960 6} {J4524 208 6} {J2962 849 6} {JJ369 215 6} {J5T95 762 6} {JT5TQ 410 6} {J4JQ5 592 6} {J3QQ8 609 6} {JT2A2 783 6} {J233T 476 6} {JQ8TT 157 6} {JTK7K 625 6} {J28K2 891 6} {J277T 16 6} {J383K 329 6} {JQAQ5 393 6} {J75A7 633 6} {J6282 925 6} {JQ994 460 6} {J9A5A 905 6} {J5A9J 112 6} {J323A 100 6} {J24TJ 591 6} {J8K84 497 6} {JJ852 189 6} {QQ5KT 821 6} {QTJQK 858 6} {Q47Q9 859 6} {Q9Q62 274 6} {Q7478 933 6} {QQK75 376 6} {QTT78 795 6} {QA8A6 867 6} {QJ82J 690 6} {QQJ36 441 6} {Q7A88 718 6} {Q59Q7 41 6} {Q636K 963 6} {Q6QJK 171 6} {Q27QT 652 6} {Q59QJ 928 6} {QJ866 448 6} {Q2A23 258 6} {QAAJ8 143 6} {K6484 634 6} {K44J5 856 6} {K7A7J 738 6} {K9925 53 6} {K7675 536 6} {K5J25 767 6} {K4342 461 6} {KTJQJ 979 6} {KJ4AA 885 6} {K488T 977 6} {K4KTJ 451 6} {K5JQQ 829 6} {KJA3K 248 6} {KTA9T 798 6} {K6K79 27 6} {K6TTQ 898 6} {KQT88 243 6} {K32T3 665 6} {KQ7Q9 226 6} {K2592 531 6} {K4J4T 533 6} {K6JQ6 569 6} {KJJA5 688 6} {KTT28 322 6} {AJ552 162 6} {AA459 93 6} {A6AJQ 845 6} {A3832 660 6} {A6J55 906 6} {AJQA9 707 6} {AA5K4 332 6} {A6256 210 6} {A979Q 589 6} {AJ2KK 303 6} {AJ533 30 6} {A7TQT 195 6} {AJ979 944 6} {AJJQ7 967 6} {A6276 797 6} {A343Q 794 6} {AKK24 832 6} {AJT8J 650 6} {AJT6J 993 6} {2TJJ2 273 5} {2QQ2T 266 5} {2QAQ2 5 5} {2J992 123 5} {26T62 988 5} {2A5A5 539 5} {22T44 729 5} {22TQT 425 5} {2626J 909 5} {22K55 378 5} {35539 17 5} {3A36A 447 5} {3J366 666 5} {38783 86 5} {334A4 877 5} {36355 85 5} {39344 434 5} {37722 820 5} {33Q66 594 5} {33277 296 5} {38983 949 5} {33A4A 463 5} {33K2K 915 5} {4T4T8 543 5} {49947 479 5} {4JJ48 48 5} {4A4JA 182 5} {4Q4JJ 150 5} {4A4A3 713 5} {48Q4Q 473 5} {4TT4Q 733 5} {4K4KA 424 5} {44553 600 5} {44399 355 5} {4J545 581 5} {56226 689 5} {55A44 111 5} {5K45K 653 5} {57744 922 5} {5TT66 567 5} {59858 139 5} {57T57 453 5} {53232 902 5} {52775 907 5} {53325 914 5} {58K58 475 5} {5T77T 671 5} {5A5AJ 606 5} {5858J 886 5} {5J88J 639 5} {5AA65 935 5} {55282 487 5} {6T699 340 5} {66272 422 5} {66787 786 5} {68KK8 201 5} {6Q464 98 5} {6J677 91 5} {6AA96 711 5} {6T464 366 5} {66JKJ 724 5} {69TT9 624 5} {622AA 450 5} {6776K 301 5} {62362 254 5} {64K4K 534 5} {69Q69 551 5} {6KJK6 851 5} {6K644 985 5} {69336 196 5} {65522 288 5} {63362 599 5} {686QQ 518 5} {6QQ44 554 5} {6TT96 2 5} {68644 229 5} {6K633 951 5} {79T79 328 5} {73A7A 748 5} {7QJQ7 547 5} {7T2T7 871 5} {73355 13 5} {7K67K 868 5} {7J7J3 436 5} {75887 995 5} {7J447 361 5} {797J9 471 5} {7Q799 647 5} {88949 874 5} {88442 345 5} {88KAA 837 5} {82855 836 5} {8A5A8 187 5} {88AJJ 514 5} {88Q2Q 482 5} {85QQ8 761 5} {88799 746 5} {882Q2 220 5} {998QQ 192 5} {95529 642 5} {9K89K 204 5} {99TT8 418 5} {9A779 175 5} {9QQJ9 168 5} {98T89 46 5} {99636 984 5} {9TAAT 84 5} {94KK9 310 5} {92K2K 124 5} {9J77J 888 5} {9T9JJ 158 5} {995A5 736 5} {9J9J6 285 5} {TAA66 843 5} {TQTQ5 389 5} {T4JJT 552 5} {T6TJ6 163 5} {T8383 344 5} {T2T44 440 5} {TKT9K 879 5} {T2299 39 5} {T5T52 180 5} {J33JQ 839 5} {J7JT7 632 5} {JJQQA 409 5} {J9696 92 5} {J2828 805 5} {JAA88 119 5} {J55JA 315 5} {J3773 645 5} {JA66A 351 5} {JJ833 781 5} {J5TT5 715 5} {J2442 522 5} {JTT22 947 5} {JK3K3 896 5} {J7J87 347 5} {J88JT 920 5} {JK6JK 397 5} {JQQ33 59 5} {QAA33 953 5} {QQT7T 727 5} {Q5225 501 5} {Q53Q3 234 5} {Q4J4Q 103 5} {Q744Q 779 5} {QQ799 55 5} {Q3AAQ 1 5} {Q22Q6 760 5} {Q77Q3 169 5} {Q8QTT 286 5} {QK9QK 521 5} {QQ988 550 5} {Q3QK3 627 5} {Q7337 34 5} {Q3Q22 686 5} {KJAKA 677 5} {K66QK 696 5} {K5533 941 5} {KKQ7Q 560 5} {KQQK5 350 5} {KAK9A 934 5} {K9J9K 37 5} {KKAAT 546 5} {K55KJ 842 5} {K5K66 188 5} {AQAKK 990 5} {A3JA3 110 5} {A7AQQ 850 5} {AQ44Q 737 5} {AQ66A 61 5} {ATKKT 981 5} {24544 330 4} {282A2 756 4} {2A333 998 4} {26636 603 4} {22592 304 4} {22427 755 4} {2T2Q2 861 4} {2A9AA 362 4} {24KKK 35 4} {242K2 966 4} {22627 771 4} {222AJ 734 4} {26686 480 4} {26AAA 616 4} {3TT5T 763 4} {3QJ33 65 4} {3QQ4Q 769 4} {39969 262 4} {3Q5QQ 221 4} {3K33Q 284 4} {33AJ3 939 4} {333T9 396 4} {38Q33 495 4} {39J99 803 4} {333TJ 597 4} {43555 233 4} {4QAAA 765 4} {4T555 183 4} {4TT5T 790 4} {4A844 305 4} {424T4 502 4} {4QQAQ 586 4} {444K3 917 4} {44469 433 4} {4666Q 427 4} {42744 401 4} {44J84 354 4} {44K45 804 4} {4QT44 276 4} {45844 202 4} {484K4 173 4} {445T4 911 4} {54888 218 4} {52777 385 4} {5J558 873 4} {58554 559 4} {5TA55 622 4} {52333 712 4} {595K5 435 4} {5A755 388 4} {55527 529 4} {555J6 930 4} {559A5 791 4} {585T5 744 4} {55865 617 4} {5AK55 456 4} {6646T 32 4} {62252 54 4} {6JTJJ 249 4} {656J6 504 4} {6T6J6 659 4} {6K6J6 142 4} {6JA66 893 4} {644J4 970 4} {6AAAJ 443 4} {6668Q 6 4} {6J766 151 4} {66634 105 4} {777K2 400 4} {7QQ6Q 725 4} {7J775 323 4} {79T99 833 4} {777A4 131 4} {72292 439 4} {79877 575 4} {77Q37 416 4} {7J77K 146 4} {7TJ77 442 4} {766T6 214 4} {79A99 306 4} {83882 474 4} {89993 342 4} {8J777 336 4} {84887 50 4} {8828J 356 4} {88284 57 4} {8J8T8 664 4} {8AAJA 271 4} {886Q8 613 4} {8666T 764 4} {866J6 464 4} {9J9A9 238 4} {949J9 4 4} {99A89 101 4} {9K499 904 4} {99K9J 417 4} {9444J 853 4} {999JT 186 4} {9777J 768 4} {9J99Q 371 4} {99379 578 4} {96979 814 4} {TTT7Q 313 4} {TA777 375 4} {TTA4T 921 4} {TAT9T 477 4} {TT49T 630 4} {T4JTT 778 4} {TTT37 513 4} {T4222 811 4} {TQAAA 23 4} {T555J 499 4} {TT7TA 287 4} {T4484 481 4} {T6777 28 4} {T44A4 694 4} {T4344 759 4} {TQ2QQ 281 4} {J7444 36 4} {JA555 489 4} {J3KKK 129 4} {J8TTT 402 4} {JKKTK 641 4} {JKK7K 387 4} {J2262 782 4} {J7333 317 4} {J3335 508 4} {JQ4QQ 579 4} {J8898 374 4} {J5955 890 4} {J8838 598 4} {J4555 415 4} {J3433 808 4} {JA7AA 302 4} {Q777J 631 4} {Q7222 122 4} {Q7AAA 880 4} {QQTQ7 876 4} {Q9993 8 4} {QQQKT 116 4} {Q333A 563 4} {QQQ3J 265 4} {QQQT9 282 4} {Q9QQ5 496 4} {Q7KQQ 515 4} {Q777A 80 4} {QQ3KQ 224 4} {Q8A88 680 4} {KK9KJ 745 4} {KK85K 419 4} {K2KTK 611 4} {K9KKT 341 4} {KKAJK 358 4} {KKQAK 704 4} {KKK8Q 372 4} {K3339 525 4} {KKQKT 822 4} {KJKQK 593 4} {K88Q8 542 4} {KK47K 170 4} {AAA67 40 4} {A5525 528 4} {A9929 369 4} {A7A8A 945 4} {AQAA6 200 4} {A8555 519 4} {A84AA 526 4} {AAQAJ 149 4} {A93AA 421 4} {AQAA5 872 4} {AA96A 676 4} {AT5TT 810 4} {A8AA2 320 4} {A2272 792 4} {AA2KA 728 4} {AJ4AA 948 4} {A58AA 145 4} {A3337 766 4} {2J2J2 878 3} {24224 52 3} {24244 626 3} {2Q22Q 68 3} {22992 500 3} {22332 644 3} {28288 83 3} {3K3KK 63 3} {33TTT 540 3} {39393 770 3} {38838 932 3} {3J3J3 517 3} {36363 423 3} {33355 503 3} {34443 21 3} {3K33K 865 3} {444KK 862 3} {444AA 962 3} {46646 449 3} {49449 983 3} {44554 45 3} {43433 164 3} {4J4J4 523 3} {55T5T 735 3} {5K55K 283 3} {5A55A 852 3} {55757 605 3} {53535 824 3} {55QQQ 607 3} {56556 732 3} {66K6K 943 3} {66556 900 3} {6Q6Q6 412 3} {68688 864 3} {66969 106 3} {66JJ6 719 3} {6T6T6 270 3} {66363 278 3} {66TTT 455 3} {62626 291 3} {7T7T7 211 3} {77444 49 3} {74774 997 3} {78878 431 3} {72272 154 3} {73373 887 3} {77799 406 3} {77J7J 844 3} {77788 75 3} {8A88A 325 3} {86866 656 3} {85558 230 3} {8A8AA 587 3} {8QQ88 670 3} {84448 324 3} {8T88T 973 3} {83383 134 3} {85858 558 3} {84884 577 3} {99393 148 3} {92299 693 3} {9A9A9 731 3} {99669 648 3} {95559 478 3} {98989 309 3} {99559 751 3} {TKTKK 520 3} {TATAT 742 3} {TT99T 228 3} {TT444 561 3} {T8T8T 674 3} {TTTJJ 956 3} {TT333 590 3} {TAATA 668 3} {TT5T5 494 3} {JJ4J4 420 3} {JJJQQ 863 3} {J55J5 359 3} {JKJKK 854 3} {JJ77J 773 3} {JAJAA 272 3} {JJQQQ 869 3} {J88J8 789 3} {J99J9 60 3} {QQQ77 395 3} {QTTQQ 618 3} {QTQTT 94 3} {Q6Q6Q 127 3} {QQAAQ 446 3} {QQ4Q4 70 3} {QQ444 566 3} {Q3Q33 133 3} {QQ33Q 635 3} {QQ555 140 3} {KAKKA 386 3} {KK9K9 860 3} {KKK44 89 3} {K7KK7 414 3} {K6K6K 205 3} {K22K2 923 3} {K777K 636 3} {KQKQK 687 3} {KKK55 910 3} {A7A77 251 3} {A3AA3 263 3} {A99AA 88 3} {AQAQA 407 3} {A2AA2 918 3} {22322 445 2} {22227 584 2} {22A22 506 2} {2222J 404 2} {22822 242 2} {22Q22 749 2} {23333 136 2} {33393 294 2} {33733 672 2} {3A333 102 2} {44434 615 2} {42222 702 2} {45444 716 2} {44494 289 2} {4444A 556 2} {444Q4 964 2} {55535 492 2} {58888 237 2} {59999 841 2} {55559 875 2} {55585 912 2} {5Q555 44 2} {54555 846 2} {5AAAA 978 2} {5QQQQ 929 2} {5J555 156 2} {5555A 457 2} {55565 700 2} {66466 19 2} {6AAAA 564 2} {66K66 787 2} {6J666 485 2} {66Q66 882 2} {66626 775 2} {6KKKK 3 2} {64444 714 2} {66636 33 2} {66665 908 2} {74444 604 2} {77727 509 2} {74777 484 2} {7777T 78 2} {77877 232 2} {77677 623 2} {77A77 897 2} {73777 901 2} {77757 612 2} {7777J 527 2} {8A888 227 2} {88688 568 2} {8888J 413 2} {88887 184 2} {88883 459 2} {96666 992 2} {9999J 959 2} {99949 193 2} {99939 203 2} {99989 855 2} {999T9 817 2} {97777 916 2} {T8888 799 2} {TT3TT 181 2} {TT8TT 381 2} {TTKTT 235 2} {T7TTT 216 2} {T3333 831 2} {TTT4T 826 2} {TTTJT 331 2} {JKKKK 572 2} {J3333 199 2} {J4444 784 2} {JJJ2J 972 2} {JJJ8J 97 2} {JAAAA 740 2} {QQQQ6 488 2} {QTTTT 115 2} {QQ2QQ 994 2} {Q7777 532 2} {QAQQQ 580 2} {Q8888 747 2} {QQTQQ 51 2} {QQQJQ 426 2} {K5555 326 2} {KQQQQ 15 2} {K5KKK 720 2} {K4444 125 2} {KKKK7 155 2} {K3333 159 2} {KK9KK 295 2} {K7777 673 2} {K2222 333 2} {A3AAA 780 2} {AA2AA 337 2} {ATAAA 772 2} {AA8AA 975 2} {A9999 544 2} {A4AAA 931 2} {JJJJJ 147 1}]
965
864
1884
3532
395
3924
4746
616
4419
5550
5632
7944
182
3738
6420
10240
3553
6264
8322
4880
7035
10296
13524
5208
11725
4290
4833
12012
2610
21660
5890
21824
21615
10812
13790
18252
29674
33896
21255
11200
38786
4158
38485
8140
2790
6302
470
25440
2058
27650
26010
11700
39273
31482
990
21840
22743
53592
5664
47100
40443
16368
13986
16448
28405
7524
11859
9792
36915
53060
28613
13968
5986
20350
33900
70452
9702
62946
79000
60320
53298
984
59511
13524
76415
82130
69687
63888
2759
31770
23296
51980
75237
52828
58805
22656
80025
18718
23859
2600
22523
39168
38831
97448
49560
11978
39590
107568
53737
44550
71373
110432
93790
75354
16215
91408
82836
112926
35581
37320
84579
118828
92496
103540
2500
43218
4826
61824
90945
9230
14279
107316
13832
91790
5805
94112
112203
45126
132328
105980
24816
126238
8008
48672
17110
87746
40719
145040
10728
9900
8758
45296
103887
47432
1705
151008
38465
99382
33867
19200
4669
109350
129748
48052
67815
128484
147628
161448
61347
147900
49590
18576
134421
108054
104300
62832
40887
143468
8413
122580
56472
69160
104493
138552
54945
99882
157080
47000
13041
142500
108870
29376
187403
47724
29640
47040
134551
66132
49153
63200
27135
168468
168084
61200
127100
91464
71622
18096
190817
45990
66254
4664
65391
74686
125775
178632
152117
141918
83658
28160
29172
103230
122427
142912
47700
184868
130298
90744
161674
83950
58212
16936
30290
119574
17860
142072
25359
222768
1673
146400
174243
28314
172287
155428
209965
169986
41249
150784
69471
235500
232426
162792
118151
173736
167535
6400
81983
92880
219373
140660
67599
255712
183574
107712
54855
6384
69687
90852
55414
267030
181299
100096
222768
99736
118250
17664
22437
185426
128898
274960
34001
196554
183667
108772
208050
255684
131446
270720
260967
232000
74205
110668
21682
290178
110035
213416
296703
236314
183586
105600
222439
41676
118776
215840
143350
154530
60479
179256
73851
51460
301359
173784
100473
258422
146790
256592
116339
30210
224257
277120
156006
2898
177004
57672
264875
311004
52320
311600
161210
22110
89039
65736
130203
192384
232825
85008
98404
177112
88140
325720
175956
59508
58996
288272
92460
317974
186686
199404
327362
308350
159354
261536
349823
300192
275480
177288
212415
343680
74672
305640
77615
275844
148830
215488
222285
286578
174692
57776
230625
329670
5936
122388
146589
236742
346875
172960
341185
42336
37900
224580
189357
72198
314443
329472
330715
105764
361071
145888
309255
338130
269790
172872
282174
16154
380385
67716
258844
369344
178752
103200
57343
254868
344968
298152
21465
217616
312169
188088
400411
362850
401547
185812
342377
102672
331170
11232
374466
101574
278635
94920
223551
224926
240687
291712
136850
69012
39711
361660
283140
389580
304717
143424
90930
255626
131805
13080
85215
413472
424513
350680
350154
367744
287950
440892
121485
118636
2235
55104
443612
242550
328779
192100
411777
171612
7735
203832
304362
39388
402543
39100
200074
378840
275022
137344
441285
215758
427305
254124
224651
22560
85722
70800
337249
224202
348175
201824
286200
169690
278299
330720
53391
314746
445326
274428
67415
220158
439274
442616
446946
232750
329461
298152
436798
315666
462825
241552
168980
210156
392214
100500
49098
45682
357633
184464
365620
315744
228150
152908
129286
272340
281561
435712
505305
100744
148320
309084
267806
286972
1038
119080
495471
171216
391204
286628
457275
6838
457436
230208
526355
191330
250101
344204
465842
184230
447795
448096
100419
276532
259798
410940
403586
119240
104256
349248
111180
228228
95725
92064
25254
541200
46284
171120
68572
491952
87690
409216
158745
470394
217451
309120
91443
193328
247720
495756
22035
101880
475713
358976
232721
52440
459655
68068
180495
370230
201825
449856
412555
301716
548313
519680
201607
535440
231451
34456
557505
426022
294087
137592
60667
459610
32505
592
450680
100386
170170
310516
328350
374946
20366
411600
406877
418992
567423
338240
211750
566004
22459
331968
512778
114680
604890
67320
521050
452518
37515
604296
203610
467208
617762
373860
188784
469610
536403
225888
21875
604716
483417
460952
301920
388080
481453
41080
486777
166108
140335
180624
598143
252648
316305
513920
382677
149586
491895
117852
509550
197030
324794
379728
595133
281450
277977
261452
231162
525816
180780
132512
113661
599438
143662
254100
577053
370058
412386
472768
289275
258408
352843
621240
529179
498480
414007
306432
21536
36396
168075
340704
446143
96276
606347
659600
301683
4092
103133
71820
274000
497350
221901
573104
90259
302910
397325
287872
101178
306748
148730
212976
330378
238716
234864
35000
249556
40014
466792
190784
432165
539384
328048
168504
2836
71710
642744
296904
608189
132804
549120
265636
414426
584452
225047
270000
664041
344394
455490
563272
371925
588786
16721
363272
209223
351130
20468
508008
556347
206254
26460
359904
95073
296676
473699
286380
579462
235214
377444
430776
278630
663940
446706
310420
605192
226500
473881
91744
662640
660504
6040
87696
426191
200870
214038
376960
391915
60960
170912
519520
569925
320954
468637
261888
275302
542080
286812
405300
635406
458982
420050
131920
31080
410784
287451
737100
156200
405858
411858
116816
330485
685392
532012
638280
252480
625680
575848
750816
114985
608204
698010
41392
498922
54264
399500
515200
66483
50526
433620
619080
750260
416702
341361
406424
16989
700650
699082
781144
365037
800162
36675
133824
427291
601230
231777
698640
496705
677328
499561
603168
777975
743400
340724
715392
87874
596770
224370
231296
379015
242694
176185
40964
834489
361178
129206
745080
341446
710648
63225
274300
554320
194580
497189
568160
275076
827050
114034
475416
492181
126392
592515
625736
555336
410124
265431
645860
447720
639604
196764
484704
583010
827896
511530
579824
429286
365400
751673
313048
745542
675602
238000
761244
691953
52680
347205
543840
82814
112014
393818
61880
500910
117838
563245
124320
343154
765400
79299
369288
183065
825162
569220
615552
816270
225398
236437
79200
366707
828036
401835
527936
457930
366024
219494
680092
123624
267540
612192
93024
561495
641628
655140
264724
509852
884952
452148
218040
774561
806750
841776
40656
782550
905628
861183
144768
424553
651000
17689
525648
734271
452990
824670
725400
2811
669732
30987
853520
568364
479478
456412
73632
219240
589358
849459
854148
580788
500650
215877
540736
393589
175536
438345
948352
917763
184894
194677
820800
785137
881192
769437
174484
367665
227010
208872
804408
800394
321070
555412
193428
762832
946728
94575
722240
476776
112470
973126
521360
568980
733554
50133
419184
321110
14790
710640
123500
153295
157410
292345
667616
330669
775320
335315
768912
972075
542912
930069
147000
254052721
